2026-04-13T19:47:36.825-05:00  INFO 37608 --- [techcup-futbol] [main] e.e.d.t.TechcupFutbolApplication         : Starting TechcupFutbolApplication using Java 21.0.8 with PID 37608 (C:\DOSW-LAB9-JKLJM\techcup-futbol\target\classes started by pipie in C:\DOSW-LAB9-JKLJM\techcup-futbol)
2026-04-13T19:47:36.835-05:00 DEBUG 37608 --- [techcup-futbol] [main] e.e.d.t.TechcupFutbolApplication         : Running with Spring Boot v4.0.3, Spring v7.0.5
2026-04-13T19:47:36.836-05:00  INFO 37608 --- [techcup-futbol] [main] e.e.d.t.TechcupFutbolApplication         : No active profile set, falling back to 1 default profile: "default"
2026-04-13T19:47:37.847-05:00  INFO 37608 --- [techcup-futbol] [main] .s.d.r.c.RepositoryConfigurationDelegate : Multiple Spring Data modules found, entering strict repository configuration mode
2026-04-13T19:47:37.851-05:00  INFO 37608 --- [techcup-futbol] [main] .s.d.r.c.RepositoryConfigurationDelegate : Bootstrapping Spring Data JPA repositories in DEFAULT mode.
2026-04-13T19:47:37.909-05:00  INFO 37608 --- [techcup-futbol] [main] .RepositoryConfigurationExtensionSupport : Spring Data JPA - Could not safely identify store assignment for repository candidate interface edu.eci.dosw.techcup_futbol.repository.ImageDocumentRepository; If you want this repository to be a JPA repository, consider annotating your entities with one of these annotations: jakarta.persistence.Entity, jakarta.persistence.MappedSuperclass (preferred), or consider extending one of the following types with your repository: org.springframework.data.jpa.repository.JpaRepository
2026-04-13T19:47:37.958-05:00  INFO 37608 --- [techcup-futbol] [main] .s.d.r.c.RepositoryConfigurationDelegate : Finished Spring Data repository scanning in 94 ms. Found 5 JPA repository interfaces.
2026-04-13T19:47:38.025-05:00  INFO 37608 --- [techcup-futbol] [main] .s.d.r.c.RepositoryConfigurationDelegate : Multiple Spring Data modules found, entering strict repository configuration mode
2026-04-13T19:47:38.025-05:00  INFO 37608 --- [techcup-futbol] [main] .s.d.r.c.RepositoryConfigurationDelegate : Bootstrapping Spring Data MongoDB repositories in DEFAULT mode.
2026-04-13T19:47:38.037-05:00  INFO 37608 --- [techcup-futbol] [main] .RepositoryConfigurationExtensionSupport : Spring Data MongoDB - Could not safely identify store assignment for repository candidate interface edu.eci.dosw.techcup_futbol.repository.PermissionRepository; If you want this repository to be a MongoDB repository, consider annotating your entities with one of these annotations: org.springframework.data.mongodb.core.mapping.Document (preferred), or consider extending one of the following types with your repository: org.springframework.data.mongodb.repository.MongoRepository
2026-04-13T19:47:38.038-05:00  INFO 37608 --- [techcup-futbol] [main] .RepositoryConfigurationExtensionSupport : Spring Data MongoDB - Could not safely identify store assignment for repository candidate interface edu.eci.dosw.techcup_futbol.repository.RoleRepository; If you want this repository to be a MongoDB repository, consider annotating your entities with one of these annotations: org.springframework.data.mongodb.core.mapping.Document (preferred), or consider extending one of the following types with your repository: org.springframework.data.mongodb.repository.MongoRepository
2026-04-13T19:47:38.038-05:00  INFO 37608 --- [techcup-futbol] [main] .RepositoryConfigurationExtensionSupport : Spring Data MongoDB - Could not safely identify store assignment for repository candidate interface edu.eci.dosw.techcup_futbol.repository.TeamRepository; If you want this repository to be a MongoDB repository, consider annotating your entities with one of these annotations: org.springframework.data.mongodb.core.mapping.Document (preferred), or consider extending one of the following types with your repository: org.springframework.data.mongodb.repository.MongoRepository
2026-04-13T19:47:38.039-05:00  INFO 37608 --- [techcup-futbol] [main] .RepositoryConfigurationExtensionSupport : Spring Data MongoDB - Could not safely identify store assignment for repository candidate interface edu.eci.dosw.techcup_futbol.repository.TournamentRepository; If you want this repository to be a MongoDB repository, consider annotating your entities with one of these annotations: org.springframework.data.mongodb.core.mapping.Document (preferred), or consider extending one of the following types with your repository: org.springframework.data.mongodb.repository.MongoRepository
2026-04-13T19:47:38.039-05:00  INFO 37608 --- [techcup-futbol] [main] .RepositoryConfigurationExtensionSupport : Spring Data MongoDB - Could not safely identify store assignment for repository candidate interface edu.eci.dosw.techcup_futbol.repository.UserRepository; If you want this repository to be a MongoDB repository, consider annotating your entities with one of these annotations: org.springframework.data.mongodb.core.mapping.Document (preferred), or consider extending one of the following types with your repository: org.springframework.data.mongodb.repository.MongoRepository
2026-04-13T19:47:38.047-05:00  INFO 37608 --- [techcup-futbol] [main] .s.d.r.c.RepositoryConfigurationDelegate : Finished Spring Data repository scanning in 19 ms. Found 1 MongoDB repository interface.
2026-04-13T19:47:38.857-05:00  INFO 37608 --- [techcup-futbol] [main] o.s.boot.tomcat.TomcatWebServer          : Tomcat initialized with port 8080 (http)
2026-04-13T19:47:38.882-05:00  INFO 37608 --- [techcup-futbol] [main] o.apache.catalina.core.StandardService   : Starting service [Tomcat]
2026-04-13T19:47:38.883-05:00  INFO 37608 --- [techcup-futbol] [main] o.apache.catalina.core.StandardEngine    : Starting Servlet engine: [Apache Tomcat/11.0.18]
2026-04-13T19:47:38.980-05:00  INFO 37608 --- [techcup-futbol] [main] b.w.c.s.WebApplicationContextInitializer : Root WebApplicationContext: initialization completed in 2073 ms
2026-04-13T19:47:39.067-05:00 DEBUG 37608 --- [techcup-futbol] [main] e.e.d.t.config.RequestLoggingFilter      : Filter 'requestLoggingFilter' configured for use
2026-04-13T19:47:39.068-05:00 DEBUG 37608 --- [techcup-futbol] [main] e.e.d.t.config.CsrfDisablerFilter        : Filter 'csrfDisablerFilter' configured for use
2026-04-13T19:47:39.300-05:00  INFO 37608 --- [techcup-futbol] [main] org.hibernate.orm.jpa                    : HHH008540: Processing PersistenceUnitInfo [name: default]
2026-04-13T19:47:39.423-05:00  INFO 37608 --- [techcup-futbol] [main] org.hibernate.orm.core                   : HHH000001: Hibernate ORM core version 7.2.4.Final
2026-04-13T19:47:40.187-05:00  INFO 37608 --- [techcup-futbol] [main] o.s.o.j.p.SpringPersistenceUnitInfo      : No LoadTimeWeaver setup: ignoring JPA class transformer
2026-04-13T19:47:40.246-05:00  INFO 37608 --- [techcup-futbol] [main] com.zaxxer.hikari.HikariDataSource       : HikariPool-1 - Starting...
2026-04-13T19:47:40.648-05:00  INFO 37608 --- [techcup-futbol] [main] com.zaxxer.hikari.pool.HikariPool        : HikariPool-1 - Added connection org.postgresql.jdbc.PgConnection@785ef70f
2026-04-13T19:47:40.651-05:00  INFO 37608 --- [techcup-futbol] [main] com.zaxxer.hikari.HikariDataSource       : HikariPool-1 - Start completed.
2026-04-13T19:47:40.715-05:00  WARN 37608 --- [techcup-futbol] [main] org.hibernate.orm.deprecation            : HHH90000025: PostgreSQLDialect does not need to be specified explicitly using 'hibernate.dialect' (remove the property setting and it will be selected by default)
2026-04-13T19:47:40.751-05:00  INFO 37608 --- [techcup-futbol] [main] org.hibernate.orm.connections.pooling    : HHH10001005: Database info:
	Database JDBC URL [jdbc:postgresql://localhost:5432/techcupdb]
	Database driver: PostgreSQL JDBC Driver
	Database dialect: PostgreSQLDialect
	Database version: 18.3
	Default catalog/schema: techcupdb/public
	Autocommit mode: undefined/unknown
	Isolation level: READ_COMMITTED [default READ_COMMITTED]
	JDBC fetch size: none
	Pool: DataSourceConnectionProvider
	Minimum pool size: undefined/unknown
	Maximum pool size: undefined/unknown
2026-04-13T19:47:42.053-05:00  INFO 37608 --- [techcup-futbol] [main] org.hibernate.orm.core                   : HHH000489: No JTA platform available (set 'hibernate.transaction.jta.platform' to enable JTA platform integration)
2026-04-13T19:47:42.261-05:00  WARN 37608 --- [techcup-futbol] [main] org.hibernate.orm.jdbc.warn              : HHH000247: ErrorCode: 0, SQLState: 00000
2026-04-13T19:47:42.261-05:00  WARN 37608 --- [techcup-futbol] [main] org.hibernate.orm.jdbc.warn              : constraint "ukpnvtwliis6p05pn6i3ndjrqt2" of relation "permissions" does not exist, skipping
2026-04-13T19:47:42.270-05:00  WARN 37608 --- [techcup-futbol] [main] org.hibernate.orm.jdbc.warn              : HHH000247: ErrorCode: 0, SQLState: 00000
2026-04-13T19:47:42.271-05:00  WARN 37608 --- [techcup-futbol] [main] org.hibernate.orm.jdbc.warn              : constraint "ukofx66keruapi6vyqpv6f2or37" of relation "roles" does not exist, skipping
2026-04-13T19:47:42.331-05:00  INFO 37608 --- [techcup-futbol] [main] j.LocalContainerEntityManagerFactoryBean : Initialized JPA EntityManagerFactory for persistence unit 'default'
2026-04-13T19:47:42.435-05:00  INFO 37608 --- [techcup-futbol] [main] o.s.d.j.r.query.QueryEnhancerFactories   : Hibernate is in classpath; If applicable, HQL parser will be used.
2026-04-13T19:47:42.995-05:00  INFO 37608 --- [techcup-futbol] [cluster-ClusterId{value='69dd8eae4272b4fa595086b8', description='null'}-localhost:27017] org.mongodb.driver.cluster               : Exception in monitor thread while connecting to server localhost:27017

com.mongodb.MongoSocketOpenException: Exception opening socket
	at com.mongodb.internal.connection.SocketStream.lambda$open$0(SocketStream.java:85) ~[mongodb-driver-core-5.6.3.jar:na]
	at java.base/java.util.Optional.orElseThrow(Optional.java:403) ~[na:na]
	at com.mongodb.internal.connection.SocketStream.open(SocketStream.java:85) ~[mongodb-driver-core-5.6.3.jar:na]
	at com.mongodb.internal.connection.InternalStreamConnection.open(InternalStreamConnection.java:233) ~[mongodb-driver-core-5.6.3.jar:na]
	at com.mongodb.internal.connection.DefaultServerMonitor$ServerMonitor.setupNewConnectionAndGetInitialDescription(DefaultServerMonitor.java:282) ~[mongodb-driver-core-5.6.3.jar:na]
	at com.mongodb.internal.connection.DefaultServerMonitor$ServerMonitor.lookupServerDescription(DefaultServerMonitor.java:253) ~[mongodb-driver-core-5.6.3.jar:na]
	at com.mongodb.internal.connection.DefaultServerMonitor$ServerMonitor.run(DefaultServerMonitor.java:203) ~[mongodb-driver-core-5.6.3.jar:na]
Caused by: java.net.ConnectException: Connection refused: getsockopt
	at java.base/sun.nio.ch.Net.pollConnect(Native Method) ~[na:na]
	at java.base/sun.nio.ch.Net.pollConnectNow(Net.java:682) ~[na:na]
	at java.base/sun.nio.ch.NioSocketImpl.timedFinishConnect(NioSocketImpl.java:542) ~[na:na]
	at java.base/sun.nio.ch.NioSocketImpl.connect(NioSocketImpl.java:592) ~[na:na]
	at java.base/java.net.SocksSocketImpl.connect(SocksSocketImpl.java:327) ~[na:na]
	at java.base/java.net.Socket.connect(Socket.java:751) ~[na:na]
	at com.mongodb.internal.connection.SocketStreamHelper.initialize(SocketStreamHelper.java:76) ~[mongodb-driver-core-5.6.3.jar:na]
	at com.mongodb.internal.connection.SocketStream.initializeSocket(SocketStream.java:104) ~[mongodb-driver-core-5.6.3.jar:na]
	at com.mongodb.internal.connection.SocketStream.open(SocketStream.java:79) ~[mongodb-driver-core-5.6.3.jar:na]
	... 4 common frames omitted

2026-04-13T19:47:43.008-05:00  INFO 37608 --- [techcup-futbol] [main] org.mongodb.driver.client                : MongoClient with metadata {"driver": {"name": "mongo-java-driver|spring-boot|sync", "version": "5.6.3"}, "os": {"type": "Windows", "name": "Windows 11", "architecture": "amd64", "version": "10.0"}, "platform": "Java/Microsoft/21.0.8+9-LTS"} created with settings MongoClientSettings{readPreference=primary, writeConcern=WriteConcern{w=null, wTimeout=null ms, journal=null}, retryWrites=true, retryReads=true, readConcern=ReadConcern{level=null}, credential=null, transportSettings=null, commandListeners=[], codecRegistry=ProvidersCodecRegistry{codecProviders=[ValueCodecProvider{}, BsonValueCodecProvider{}, DBRefCodecProvider{}, DBObjectCodecProvider{}, DocumentCodecProvider{}, CollectionCodecProvider{}, IterableCodecProvider{}, MapCodecProvider{}, GeoJsonCodecProvider{}, GridFSFileCodecProvider{}, Jsr310CodecProvider{}, JsonObjectCodecProvider{}, BsonCodecProvider{}, com.mongodb.client.model.mql.ExpressionCodecProvider@44b1d2fa, com.mongodb.Jep395RecordCodecProvider@69eb1f23, com.mongodb.KotlinCodecProvider@2c9af700, EnumCodecProvider{}]}, loggerSettings=LoggerSettings{maxDocumentLength=1000}, clusterSettings={hosts=[localhost:27017], srvServiceName=mongodb, mode=SINGLE, requiredClusterType=UNKNOWN, requiredReplicaSetName='null', serverSelector='null', clusterListeners='[]', serverSelectionTimeout='30000 ms', localThreshold='15 ms'}, socketSettings=SocketSettings{connectTimeoutMS=10000, readTimeoutMS=0, receiveBufferSize=0, proxySettings=ProxySettings{host=null, port=null, username=null, password=null}}, heartbeatSocketSettings=SocketSettings{connectTimeoutMS=10000, readTimeoutMS=10000, receiveBufferSize=0, proxySettings=ProxySettings{host=null, port=null, username=null, password=null}}, connectionPoolSettings=ConnectionPoolSettings{maxSize=100, minSize=0, maxWaitTimeMS=120000, maxConnectionLifeTimeMS=0, maxConnectionIdleTimeMS=0, maintenanceInitialDelayMS=0, maintenanceFrequencyMS=60000, connectionPoolListeners=[], maxConnecting=2}, serverSettings=ServerSettings{heartbeatFrequencyMS=10000, minHeartbeatFrequencyMS=500, serverMonitoringMode=AUTO, serverListeners='[]', serverMonitorListeners='[]'}, sslSettings=SslSettings{enabled=false, invalidHostNameAllowed=false, context=null}, applicationName='null', compressorList=[], uuidRepresentation=UNSPECIFIED, serverApi=null, autoEncryptionSettings=null, dnsClient=null, inetAddressResolver=null, contextProvider=null, timeoutMS=null}
2026-04-13T19:47:43.496-05:00  WARN 37608 --- [techcup-futbol] [main] JpaBaseConfiguration$JpaWebConfiguration : spring.jpa.open-in-view is enabled by default. Therefore, database queries may be performed during view rendering. Explicitly configure spring.jpa.open-in-view to disable this warning
2026-04-13T19:47:44.070-05:00  INFO 37608 --- [techcup-futbol] [main] r$InitializeUserDetailsManagerConfigurer : Global AuthenticationManager configured with UserDetailsService bean with name inMemoryUserDetailsManager
2026-04-13T19:47:44.283-05:00  INFO 37608 --- [techcup-futbol] [main] o.s.boot.tomcat.TomcatWebServer          : Tomcat started on port 8080 (http) with context path '/'
2026-04-13T19:47:44.291-05:00  INFO 37608 --- [techcup-futbol] [main] e.e.d.t.TechcupFutbolApplication         : Started TechcupFutbolApplication in 8.109 seconds (process running for 8.69)
2026-04-13T19:47:44.295-05:00  WARN 37608 --- [techcup-futbol] [main] o.s.core.events.SpringDocAppInitializer  : SpringDoc /v3/api-docs endpoint is enabled by default. To disable it in production, set the property 'springdoc.api-docs.enabled=false'
2026-04-13T19:47:44.296-05:00  WARN 37608 --- [techcup-futbol] [main] o.s.core.events.SpringDocAppInitializer  : SpringDoc /swagger-ui.html endpoint is enabled by default. To disable it in production, set the property 'springdoc.swagger-ui.enabled=false'
2026-04-13T19:49:06.191-05:00  INFO 37608 --- [techcup-futbol] [http-nio-8080-exec-1] o.a.c.c.C.[Tomcat].[localhost].[/]       : Initializing Spring DispatcherServlet 'dispatcherServlet'
2026-04-13T19:49:06.207-05:00  INFO 37608 --- [techcup-futbol] [http-nio-8080-exec-1] o.s.web.servlet.DispatcherServlet        : Initializing Servlet 'dispatcherServlet'
2026-04-13T19:49:06.314-05:00  INFO 37608 --- [techcup-futbol] [http-nio-8080-exec-1] o.s.web.servlet.DispatcherServlet        : Completed initialization in 107 ms
2026-04-13T19:49:06.330-05:00  INFO 37608 --- [techcup-futbol] [http-nio-8080-exec-1] e.e.d.t.config.RequestLoggingFilter      : HTTP request started method=GET path=/swagger-ui/index.html remoteIp=0:0:0:0:0:0:0:1
2026-04-13T19:49:06.631-05:00  INFO 37608 --- [techcup-futbol] [http-nio-8080-exec-1] e.e.d.t.config.RequestLoggingFilter      : HTTP request completed method=GET path=/swagger-ui/index.html status=302 durationMs=303
2026-04-13T19:49:06.658-05:00  INFO 37608 --- [techcup-futbol] [http-nio-8080-exec-2] e.e.d.t.config.RequestLoggingFilter      : HTTP request started method=GET path=/login remoteIp=0:0:0:0:0:0:0:1
2026-04-13T19:49:06.685-05:00  INFO 37608 --- [techcup-futbol] [http-nio-8080-exec-2] e.e.d.t.config.RequestLoggingFilter      : HTTP request completed method=GET path=/login status=200 durationMs=27
2026-04-13T19:49:06.744-05:00  INFO 37608 --- [techcup-futbol] [http-nio-8080-exec-3] e.e.d.t.config.RequestLoggingFilter      : HTTP request started method=GET path=/default-ui.css remoteIp=0:0:0:0:0:0:0:1
2026-04-13T19:49:06.757-05:00  INFO 37608 --- [techcup-futbol] [http-nio-8080-exec-3] e.e.d.t.config.RequestLoggingFilter      : HTTP request completed method=GET path=/default-ui.css status=200 durationMs=13
2026-04-13T19:49:06.848-05:00  INFO 37608 --- [techcup-futbol] [http-nio-8080-exec-4] e.e.d.t.config.RequestLoggingFilter      : HTTP request started method=GET path=/favicon.ico remoteIp=0:0:0:0:0:0:0:1
2026-04-13T19:49:06.851-05:00  INFO 37608 --- [techcup-futbol] [http-nio-8080-exec-4] e.e.d.t.config.RequestLoggingFilter      : HTTP request completed method=GET path=/favicon.ico status=302 durationMs=3
2026-04-13T19:49:06.857-05:00  INFO 37608 --- [techcup-futbol] [http-nio-8080-exec-5] e.e.d.t.config.RequestLoggingFilter      : HTTP request started method=GET path=/login remoteIp=0:0:0:0:0:0:0:1
2026-04-13T19:49:06.860-05:00  INFO 37608 --- [techcup-futbol] [http-nio-8080-exec-5] e.e.d.t.config.RequestLoggingFilter      : HTTP request completed method=GET path=/login status=200 durationMs=3
2026-04-13T19:49:59.541-05:00  INFO 37608 --- [techcup-futbol] [http-nio-8080-exec-6] e.e.d.t.config.RequestLoggingFilter      : HTTP request started method=GET path=/swagger-ui/index.html remoteIp=0:0:0:0:0:0:0:1
2026-04-13T19:49:59.567-05:00  INFO 37608 --- [techcup-futbol] [http-nio-8080-exec-6] e.e.d.t.config.RequestLoggingFilter      : HTTP request completed method=GET path=/swagger-ui/index.html status=302 durationMs=26
2026-04-13T19:49:59.575-05:00  INFO 37608 --- [techcup-futbol] [http-nio-8080-exec-7] e.e.d.t.config.RequestLoggingFilter      : HTTP request started method=GET path=/login remoteIp=0:0:0:0:0:0:0:1
2026-04-13T19:49:59.578-05:00  INFO 37608 --- [techcup-futbol] [http-nio-8080-exec-7] e.e.d.t.config.RequestLoggingFilter      : HTTP request completed method=GET path=/login status=200 durationMs=3
2026-04-13T19:49:59.625-05:00  INFO 37608 --- [techcup-futbol] [http-nio-8080-exec-8] e.e.d.t.config.RequestLoggingFilter      : HTTP request started method=GET path=/default-ui.css remoteIp=0:0:0:0:0:0:0:1
2026-04-13T19:49:59.626-05:00  INFO 37608 --- [techcup-futbol] [http-nio-8080-exec-8] e.e.d.t.config.RequestLoggingFilter      : HTTP request completed method=GET path=/default-ui.css status=200 durationMs=1
2026-04-13T19:49:59.640-05:00  INFO 37608 --- [techcup-futbol] [http-nio-8080-exec-9] e.e.d.t.config.RequestLoggingFilter      : HTTP request started method=GET path=/favicon.ico remoteIp=0:0:0:0:0:0:0:1
2026-04-13T19:49:59.642-05:00  INFO 37608 --- [techcup-futbol] [http-nio-8080-exec-9] e.e.d.t.config.RequestLoggingFilter      : HTTP request completed method=GET path=/favicon.ico status=302 durationMs=2
2026-04-13T19:49:59.694-05:00  INFO 37608 --- [techcup-futbol] [http-nio-8080-exec-10] e.e.d.t.config.RequestLoggingFilter      : HTTP request started method=GET path=/login remoteIp=0:0:0:0:0:0:0:1
2026-04-13T19:49:59.697-05:00  INFO 37608 --- [techcup-futbol] [http-nio-8080-exec-10] e.e.d.t.config.RequestLoggingFilter      : HTTP request completed method=GET path=/login status=200 durationMs=3
2026-04-13T19:50:04.937-05:00  INFO 37608 --- [techcup-futbol] [http-nio-8080-exec-1] e.e.d.t.config.RequestLoggingFilter      : HTTP request started method=POST path=/login remoteIp=0:0:0:0:0:0:0:1
2026-04-13T19:50:05.344-05:00  INFO 37608 --- [techcup-futbol] [http-nio-8080-exec-1] e.e.d.t.config.RequestLoggingFilter      : HTTP request completed method=POST path=/login status=302 durationMs=407
2026-04-13T19:50:05.350-05:00  INFO 37608 --- [techcup-futbol] [http-nio-8080-exec-3] e.e.d.t.config.RequestLoggingFilter      : HTTP request started method=GET path=/swagger-ui/index.html?continue remoteIp=0:0:0:0:0:0:0:1
2026-04-13T19:50:05.607-05:00  INFO 37608 --- [techcup-futbol] [http-nio-8080-exec-3] e.e.d.t.config.RequestLoggingFilter      : HTTP request completed method=GET path=/swagger-ui/index.html?continue status=200 durationMs=258
2026-04-13T19:50:05.625-05:00  INFO 37608 --- [techcup-futbol] [http-nio-8080-exec-4] e.e.d.t.config.RequestLoggingFilter      : HTTP request started method=GET path=/swagger-ui/swagger-ui.css remoteIp=0:0:0:0:0:0:0:1
2026-04-13T19:50:05.627-05:00  INFO 37608 --- [techcup-futbol] [http-nio-8080-exec-5] e.e.d.t.config.RequestLoggingFilter      : HTTP request started method=GET path=/swagger-ui/index.css remoteIp=0:0:0:0:0:0:0:1
2026-04-13T19:50:05.627-05:00  INFO 37608 --- [techcup-futbol] [http-nio-8080-exec-8] e.e.d.t.config.RequestLoggingFilter      : HTTP request started method=GET path=/swagger-ui/swagger-initializer.js remoteIp=0:0:0:0:0:0:0:1
2026-04-13T19:50:05.627-05:00  INFO 37608 --- [techcup-futbol] [http-nio-8080-exec-7] e.e.d.t.config.RequestLoggingFilter      : HTTP request started method=GET path=/swagger-ui/swagger-ui-standalone-preset.js remoteIp=0:0:0:0:0:0:0:1
2026-04-13T19:50:05.627-05:00  INFO 37608 --- [techcup-futbol] [http-nio-8080-exec-6] e.e.d.t.config.RequestLoggingFilter      : HTTP request started method=GET path=/swagger-ui/swagger-ui-bundle.js remoteIp=0:0:0:0:0:0:0:1
2026-04-13T19:50:05.634-05:00  INFO 37608 --- [techcup-futbol] [http-nio-8080-exec-5] e.e.d.t.config.RequestLoggingFilter      : HTTP request completed method=GET path=/swagger-ui/index.css status=200 durationMs=7
2026-04-13T19:50:05.636-05:00  INFO 37608 --- [techcup-futbol] [http-nio-8080-exec-4] e.e.d.t.config.RequestLoggingFilter      : HTTP request completed method=GET path=/swagger-ui/swagger-ui.css status=200 durationMs=11
2026-04-13T19:50:05.640-05:00  INFO 37608 --- [techcup-futbol] [http-nio-8080-exec-7] e.e.d.t.config.RequestLoggingFilter      : HTTP request completed method=GET path=/swagger-ui/swagger-ui-standalone-preset.js status=200 durationMs=13
2026-04-13T19:50:05.651-05:00  INFO 37608 --- [techcup-futbol] [http-nio-8080-exec-6] e.e.d.t.config.RequestLoggingFilter      : HTTP request completed method=GET path=/swagger-ui/swagger-ui-bundle.js status=200 durationMs=24
2026-04-13T19:50:05.790-05:00  INFO 37608 --- [techcup-futbol] [http-nio-8080-exec-8] e.e.d.t.config.RequestLoggingFilter      : HTTP request completed method=GET path=/swagger-ui/swagger-initializer.js status=200 durationMs=163
2026-04-13T19:50:05.887-05:00  INFO 37608 --- [techcup-futbol] [http-nio-8080-exec-9] e.e.d.t.config.RequestLoggingFilter      : HTTP request started method=GET path=/v3/api-docs/swagger-config remoteIp=0:0:0:0:0:0:0:1
2026-04-13T19:50:05.904-05:00  INFO 37608 --- [techcup-futbol] [http-nio-8080-exec-10] e.e.d.t.config.RequestLoggingFilter      : HTTP request started method=GET path=/swagger-ui/favicon-32x32.png remoteIp=0:0:0:0:0:0:0:1
2026-04-13T19:50:05.912-05:00  INFO 37608 --- [techcup-futbol] [http-nio-8080-exec-10] e.e.d.t.config.RequestLoggingFilter      : HTTP request completed method=GET path=/swagger-ui/favicon-32x32.png status=200 durationMs=8
2026-04-13T19:50:06.083-05:00  INFO 37608 --- [techcup-futbol] [http-nio-8080-exec-9] e.e.d.t.config.RequestLoggingFilter      : HTTP request completed method=GET path=/v3/api-docs/swagger-config status=200 durationMs=196
2026-04-13T19:50:06.092-05:00  INFO 37608 --- [techcup-futbol] [http-nio-8080-exec-1] e.e.d.t.config.RequestLoggingFilter      : HTTP request started method=GET path=/v3/api-docs remoteIp=0:0:0:0:0:0:0:1
2026-04-13T19:50:07.359-05:00  INFO 37608 --- [techcup-futbol] [http-nio-8080-exec-1] o.springdoc.api.AbstractOpenApiResource  : Init duration for springdoc-openapi is: 1183 ms
2026-04-13T19:50:07.396-05:00  INFO 37608 --- [techcup-futbol] [http-nio-8080-exec-1] e.e.d.t.config.RequestLoggingFilter      : HTTP request completed method=GET path=/v3/api-docs status=200 durationMs=1304
2026-04-13T19:54:33.908-05:00  INFO 37608 --- [techcup-futbol] [SpringApplicationShutdownHook] o.s.boot.tomcat.GracefulShutdown         : Commencing graceful shutdown. Waiting for active requests to complete
2026-04-13T19:54:34.067-05:00  INFO 37608 --- [techcup-futbol] [tomcat-shutdown] o.s.boot.tomcat.GracefulShutdown         : Graceful shutdown complete
2026-04-13T19:54:34.297-05:00  INFO 37608 --- [techcup-futbol] [SpringApplicationShutdownHook] j.LocalContainerEntityManagerFactoryBean : Closing JPA EntityManagerFactory for persistence unit 'default'
2026-04-13T19:54:34.510-05:00  INFO 37608 --- [techcup-futbol] [SpringApplicationShutdownHook] com.zaxxer.hikari.HikariDataSource       : HikariPool-1 - Shutdown initiated...
2026-04-13T19:54:34.542-05:00  INFO 37608 --- [techcup-futbol] [SpringApplicationShutdownHook] com.zaxxer.hikari.HikariDataSource       : HikariPool-1 - Shutdown completed.
